0 verbose cli /usr/local/bin/node /usr/local/bin/npm
1 info using npm@10.8.2
2 info using node@v20.18.1
3 silly config load:file:/usr/local/lib/node_modules/npm/npmrc
4 silly config load:file:/data/.npmrc
5 silly config load:file:/usr/src/node-red/.npmrc
6 silly config load:file:/usr/local/etc/npmrc
7 verbose title npm install node-red-contrib-config@1.2.1
8 verbose argv "install" "--no-audit" "--no-update-notifier" "--no-fund" "--save" "--save-prefix" "~" "--omit" "dev" "--engine-strict" "node-red-contrib-config@1.2.1"
9 verbose logfile logs-max:10 dir:/data/.npm/_logs/2025-01-05T11_14_38_317Z-
10 verbose logfile /data/.npm/_logs/2025-01-05T11_14_38_317Z-debug-0.log
11 silly packumentCache heap:2197815296 maxSize:549453824 maxEntrySize:274726912
12 silly logfile done cleaning log files
13 silly idealTree buildDeps
14 silly fetch manifest node-red-contrib-config@1.2.1
15 silly packumentCache full:https://registry.npmjs.org/node-red-contrib-config cache-miss
16 verbose shrinkwrap failed to load node_modules/.package-lock.json out of date, updated: node_modules
17 http fetch GET 200 https://registry.npmjs.org/node-red-contrib-config 1094ms (cache miss)
18 silly packumentCache full:https://registry.npmjs.org/node-red-contrib-config set size:undefined disposed:false
19 silly placeDep ROOT node-red-contrib-config@1.2.1 OK for: node-red-project@0.0.1 want: 1.2.1
20 silly reify moves {}
21 silly tarball no local data for node-red-contrib-config@https://registry.npmjs.org/node-red-contrib-config/-/node-red-contrib-config-1.2.1.tgz. Extracting by manifest.
22 http fetch GET 200 https://registry.npmjs.org/node-red-contrib-config/-/node-red-contrib-config-1.2.1.tgz 248ms (cache miss)
23 silly ADD node_modules/node-red-contrib-config
24 verbose cwd /data
25 verbose os Linux 6.10.14-linuxkit
26 verbose node v20.18.1
27 verbose npm  v10.8.2
28 verbose exit 0
29 info ok
